[31-Jul-2025 13:01:31 UTC] PHP Fatal error:  Uncaught TypeError: call_user_func_array(): Argument #1 ($callback) must be a valid callback, function "separate_blog_content_width" not found or invalid function name in /var/www/html/cleanpress/wp-includes/class-wp-hook.php:324
Stack trace:
#0 /var/www/html/cleanpress/wp-includes/class-wp-hook.php(348): WP_Hook->apply_filters()
#1 /var/www/html/cleanpress/wp-includes/plugin.php(517): WP_Hook->do_action()
#2 /var/www/html/cleanpress/wp-settings.php(705): do_action()
#3 /var/www/html/cleanpress/wp-config.php(103): require_once('...')
#4 /var/www/html/cleanpress/wp-load.php(50): require_once('...')
#5 /var/www/html/cleanpress/wp-admin/admin.php(35): require_once('...')
#6 /var/www/html/cleanpress/wp-admin/themes.php(10): require_once('...')
#7 {main}
  thrown in /var/www/html/cleanpress/wp-includes/class-wp-hook.php on line 324
[31-Jul-2025 13:01:32 UTC] PHP Fatal error:  Uncaught TypeError: call_user_func_array(): Argument #1 ($callback) must be a valid callback, function "separate_blog_content_width" not found or invalid function name in /var/www/html/cleanpress/wp-includes/class-wp-hook.php:324
Stack trace:
#0 /var/www/html/cleanpress/wp-includes/class-wp-hook.php(348): WP_Hook->apply_filters()
#1 /var/www/html/cleanpress/wp-includes/plugin.php(517): WP_Hook->do_action()
#2 /var/www/html/cleanpress/wp-settings.php(705): do_action()
#3 /var/www/html/cleanpress/wp-config.php(103): require_once('...')
#4 /var/www/html/cleanpress/wp-load.php(50): require_once('...')
#5 /var/www/html/cleanpress/wp-admin/admin.php(35): require_once('...')
#6 /var/www/html/cleanpress/wp-admin/themes.php(10): require_once('...')
#7 {main}
  thrown in /var/www/html/cleanpress/wp-includes/class-wp-hook.php on line 324
[31-Jul-2025 13:01:33 UTC] PHP Fatal error:  Uncaught TypeError: call_user_func_array(): Argument #1 ($callback) must be a valid callback, function "separate_blog_content_width" not found or invalid function name in /var/www/html/cleanpress/wp-includes/class-wp-hook.php:324
Stack trace:
#0 /var/www/html/cleanpress/wp-includes/class-wp-hook.php(348): WP_Hook->apply_filters()
#1 /var/www/html/cleanpress/wp-includes/plugin.php(517): WP_Hook->do_action()
#2 /var/www/html/cleanpress/wp-settings.php(705): do_action()
#3 /var/www/html/cleanpress/wp-config.php(103): require_once('...')
#4 /var/www/html/cleanpress/wp-load.php(50): require_once('...')
#5 /var/www/html/cleanpress/wp-admin/admin.php(35): require_once('...')
#6 /var/www/html/cleanpress/wp-admin/update.php(16): require_once('...')
#7 {main}
  thrown in /var/www/html/cleanpress/wp-includes/class-wp-hook.php on line 324
[31-Jul-2025 13:01:34 UTC] PHP Fatal error:  Uncaught TypeError: call_user_func_array(): Argument #1 ($callback) must be a valid callback, function "separate_blog_content_width" not found or invalid function name in /var/www/html/cleanpress/wp-includes/class-wp-hook.php:324
Stack trace:
#0 /var/www/html/cleanpress/wp-includes/class-wp-hook.php(348): WP_Hook->apply_filters()
#1 /var/www/html/cleanpress/wp-includes/plugin.php(517): WP_Hook->do_action()
#2 /var/www/html/cleanpress/wp-settings.php(705): do_action()
#3 /var/www/html/cleanpress/wp-config.php(103): require_once('...')
#4 /var/www/html/cleanpress/wp-load.php(50): require_once('...')
#5 /var/www/html/cleanpress/wp-admin/admin.php(35): require_once('...')
#6 /var/www/html/cleanpress/wp-admin/theme-install.php(10): require_once('...')
#7 {main}
  thrown in /var/www/html/cleanpress/wp-includes/class-wp-hook.php on line 324
[31-Jul-2025 13:01:35 UTC] PHP Fatal error:  Uncaught TypeError: call_user_func_array(): Argument #1 ($callback) must be a valid callback, function "separate_blog_content_width" not found or invalid function name in /var/www/html/cleanpress/wp-includes/class-wp-hook.php:324
Stack trace:
#0 /var/www/html/cleanpress/wp-includes/class-wp-hook.php(348): WP_Hook->apply_filters()
#1 /var/www/html/cleanpress/wp-includes/plugin.php(517): WP_Hook->do_action()
#2 /var/www/html/cleanpress/wp-settings.php(705): do_action()
#3 /var/www/html/cleanpress/wp-config.php(103): require_once('...')
#4 /var/www/html/cleanpress/wp-load.php(50): require_once('...')
#5 /var/www/html/cleanpress/wp-admin/admin.php(35): require_once('...')
#6 /var/www/html/cleanpress/wp-admin/themes.php(10): require_once('...')
#7 {main}
  thrown in /var/www/html/cleanpress/wp-includes/class-wp-hook.php on line 324
[31-Jul-2025 13:01:35 UTC] PHP Fatal error:  Uncaught TypeError: call_user_func_array(): Argument #1 ($callback) must be a valid callback, function "separate_blog_content_width" not found or invalid function name in /var/www/html/cleanpress/wp-includes/class-wp-hook.php:324
Stack trace:
#0 /var/www/html/cleanpress/wp-includes/class-wp-hook.php(348): WP_Hook->apply_filters()
#1 /var/www/html/cleanpress/wp-includes/plugin.php(517): WP_Hook->do_action()
#2 /var/www/html/cleanpress/wp-settings.php(705): do_action()
#3 /var/www/html/cleanpress/wp-config.php(103): require_once('...')
#4 /var/www/html/cleanpress/wp-load.php(50): require_once('...')
#5 /var/www/html/cleanpress/wp-admin/admin.php(35): require_once('...')
#6 /var/www/html/cleanpress/wp-admin/plugins.php(10): require_once('...')
#7 {main}
  thrown in /var/www/html/cleanpress/wp-includes/class-wp-hook.php on line 324
[31-Jul-2025 13:01:36 UTC] PHP Fatal error:  Uncaught TypeError: call_user_func_array(): Argument #1 ($callback) must be a valid callback, function "separate_blog_content_width" not found or invalid function name in /var/www/html/cleanpress/wp-includes/class-wp-hook.php:324
Stack trace:
#0 /var/www/html/cleanpress/wp-includes/class-wp-hook.php(348): WP_Hook->apply_filters()
#1 /var/www/html/cleanpress/wp-includes/plugin.php(517): WP_Hook->do_action()
#2 /var/www/html/cleanpress/wp-settings.php(705): do_action()
#3 /var/www/html/cleanpress/wp-config.php(103): require_once('...')
#4 /var/www/html/cleanpress/wp-load.php(50): require_once('...')
#5 /var/www/html/cleanpress/wp-admin/admin.php(35): require_once('...')
#6 /var/www/html/cleanpress/wp-admin/index.php(10): require_once('...')
#7 {main}
  thrown in /var/www/html/cleanpress/wp-includes/class-wp-hook.php on line 324
[31-Jul-2025 13:01:37 UTC] PHP Fatal error:  Uncaught TypeError: call_user_func_array(): Argument #1 ($callback) must be a valid callback, function "separate_blog_content_width" not found or invalid function name in /var/www/html/cleanpress/wp-includes/class-wp-hook.php:324
Stack trace:
#0 /var/www/html/cleanpress/wp-includes/class-wp-hook.php(348): WP_Hook->apply_filters()
#1 /var/www/html/cleanpress/wp-includes/plugin.php(517): WP_Hook->do_action()
#2 /var/www/html/cleanpress/wp-settings.php(705): do_action()
#3 /var/www/html/cleanpress/wp-config.php(103): require_once('...')
#4 /var/www/html/cleanpress/wp-load.php(50): require_once('...')
#5 /var/www/html/cleanpress/wp-login.php(12): require('...')
#6 {main}
  thrown in /var/www/html/cleanpress/wp-includes/class-wp-hook.php on line 324
[31-Jul-2025 13:03:28 UTC] PHP Fatal error:  Uncaught TypeError: call_user_func_array(): Argument #1 ($callback) must be a valid callback, function "separate_blog_content_width" not found or invalid function name in /var/www/html/cleanpress/wp-includes/class-wp-hook.php:324
Stack trace:
#0 /var/www/html/cleanpress/wp-includes/class-wp-hook.php(348): WP_Hook->apply_filters()
#1 /var/www/html/cleanpress/wp-includes/plugin.php(517): WP_Hook->do_action()
#2 /var/www/html/cleanpress/wp-settings.php(705): do_action()
#3 /var/www/html/cleanpress/wp-config.php(103): require_once('...')
#4 /var/www/html/cleanpress/wp-load.php(50): require_once('...')
#5 /var/www/html/cleanpress/wp-admin/admin.php(35): require_once('...')
#6 /var/www/html/cleanpress/wp-admin/themes.php(10): require_once('...')
#7 {main}
  thrown in /var/www/html/cleanpress/wp-includes/class-wp-hook.php on line 324
[31-Jul-2025 13:03:34 UTC] PHP Fatal error:  Uncaught TypeError: call_user_func_array(): Argument #1 ($callback) must be a valid callback, function "separate_blog_content_width" not found or invalid function name in /var/www/html/cleanpress/wp-includes/class-wp-hook.php:324
Stack trace:
#0 /var/www/html/cleanpress/wp-includes/class-wp-hook.php(348): WP_Hook->apply_filters()
#1 /var/www/html/cleanpress/wp-includes/plugin.php(517): WP_Hook->do_action()
#2 /var/www/html/cleanpress/wp-settings.php(705): do_action()
#3 /var/www/html/cleanpress/wp-config.php(103): require_once('...')
#4 /var/www/html/cleanpress/wp-load.php(50): require_once('...')
#5 /var/www/html/cleanpress/wp-blog-header.php(13): require_once('...')
#6 /var/www/html/cleanpress/index.php(17): require('...')
#7 {main}
  thrown in /var/www/html/cleanpress/wp-includes/class-wp-hook.php on line 324
[31-Jul-2025 13:03:46 UTC] PHP Fatal error:  Uncaught TypeError: call_user_func_array(): Argument #1 ($callback) must be a valid callback, function "separate_blog_content_width" not found or invalid function name in /var/www/html/cleanpress/wp-includes/class-wp-hook.php:324
Stack trace:
#0 /var/www/html/cleanpress/wp-includes/class-wp-hook.php(348): WP_Hook->apply_filters()
#1 /var/www/html/cleanpress/wp-includes/plugin.php(517): WP_Hook->do_action()
#2 /var/www/html/cleanpress/wp-settings.php(705): do_action()
#3 /var/www/html/cleanpress/wp-config.php(103): require_once('...')
#4 /var/www/html/cleanpress/wp-load.php(50): require_once('...')
#5 /var/www/html/cleanpress/wp-blog-header.php(13): require_once('...')
#6 /var/www/html/cleanpress/index.php(17): require('...')
#7 {main}
  thrown in /var/www/html/cleanpress/wp-includes/class-wp-hook.php on line 324
[31-Jul-2025 13:04:26 UTC] PHP Fatal error:  Uncaught TypeError: call_user_func_array(): Argument #1 ($callback) must be a valid callback, function "separate_blog_content_width" not found or invalid function name in /var/www/html/cleanpress/wp-includes/class-wp-hook.php:324
Stack trace:
#0 /var/www/html/cleanpress/wp-includes/class-wp-hook.php(348): WP_Hook->apply_filters()
#1 /var/www/html/cleanpress/wp-includes/plugin.php(517): WP_Hook->do_action()
#2 /var/www/html/cleanpress/wp-settings.php(705): do_action()
#3 /var/www/html/cleanpress/wp-config.php(103): require_once('...')
#4 /var/www/html/cleanpress/wp-load.php(50): require_once('...')
#5 /var/www/html/cleanpress/wp-admin/admin-ajax.php(22): require_once('...')
#6 {main}
  thrown in /var/www/html/cleanpress/wp-includes/class-wp-hook.php on line 324
[31-Jul-2025 13:04:45 UTC] PHP Fatal error:  Uncaught TypeError: call_user_func_array(): Argument #1 ($callback) must be a valid callback, function "separate_blog_setup" not found or invalid function name in /var/www/html/cleanpress/wp-includes/class-wp-hook.php:324
Stack trace:
#0 /var/www/html/cleanpress/wp-includes/class-wp-hook.php(348): WP_Hook->apply_filters()
#1 /var/www/html/cleanpress/wp-includes/plugin.php(517): WP_Hook->do_action()
#2 /var/www/html/cleanpress/wp-settings.php(705): do_action()
#3 /var/www/html/cleanpress/wp-config.php(103): require_once('...')
#4 /var/www/html/cleanpress/wp-load.php(50): require_once('...')
#5 /var/www/html/cleanpress/wp-blog-header.php(13): require_once('...')
#6 /var/www/html/cleanpress/index.php(17): require('...')
#7 {main}
  thrown in /var/www/html/cleanpress/wp-includes/class-wp-hook.php on line 324
[31-Jul-2025 13:04:47 UTC] PHP Fatal error:  Uncaught TypeError: call_user_func_array(): Argument #1 ($callback) must be a valid callback, function "separate_blog_setup" not found or invalid function name in /var/www/html/cleanpress/wp-includes/class-wp-hook.php:324
Stack trace:
#0 /var/www/html/cleanpress/wp-includes/class-wp-hook.php(348): WP_Hook->apply_filters()
#1 /var/www/html/cleanpress/wp-includes/plugin.php(517): WP_Hook->do_action()
#2 /var/www/html/cleanpress/wp-settings.php(705): do_action()
#3 /var/www/html/cleanpress/wp-config.php(103): require_once('...')
#4 /var/www/html/cleanpress/wp-load.php(50): require_once('...')
#5 /var/www/html/cleanpress/wp-blog-header.php(13): require_once('...')
#6 /var/www/html/cleanpress/index.php(17): require('...')
#7 {main}
  thrown in /var/www/html/cleanpress/wp-includes/class-wp-hook.php on line 324
[31-Jul-2025 13:04:58 UTC] PHP Fatal error:  Uncaught TypeError: call_user_func_array(): Argument #1 ($callback) must be a valid callback, function "separate_blog_setup" not found or invalid function name in /var/www/html/cleanpress/wp-includes/class-wp-hook.php:324
Stack trace:
#0 /var/www/html/cleanpress/wp-includes/class-wp-hook.php(348): WP_Hook->apply_filters()
#1 /var/www/html/cleanpress/wp-includes/plugin.php(517): WP_Hook->do_action()
#2 /var/www/html/cleanpress/wp-settings.php(705): do_action()
#3 /var/www/html/cleanpress/wp-config.php(103): require_once('...')
#4 /var/www/html/cleanpress/wp-load.php(50): require_once('...')
#5 /var/www/html/cleanpress/wp-admin/admin.php(35): require_once('...')
#6 /var/www/html/cleanpress/wp-admin/themes.php(10): require_once('...')
#7 {main}
  thrown in /var/www/html/cleanpress/wp-includes/class-wp-hook.php on line 324
[31-Jul-2025 13:05:00 UTC] PHP Fatal error:  Uncaught TypeError: call_user_func_array(): Argument #1 ($callback) must be a valid callback, function "separate_blog_setup" not found or invalid function name in /var/www/html/cleanpress/wp-includes/class-wp-hook.php:324
Stack trace:
#0 /var/www/html/cleanpress/wp-includes/class-wp-hook.php(348): WP_Hook->apply_filters()
#1 /var/www/html/cleanpress/wp-includes/plugin.php(517): WP_Hook->do_action()
#2 /var/www/html/cleanpress/wp-settings.php(705): do_action()
#3 /var/www/html/cleanpress/wp-config.php(103): require_once('...')
#4 /var/www/html/cleanpress/wp-load.php(50): require_once('...')
#5 /var/www/html/cleanpress/wp-admin/admin.php(35): require_once('...')
#6 /var/www/html/cleanpress/wp-admin/themes.php(10): require_once('...')
#7 {main}
  thrown in /var/www/html/cleanpress/wp-includes/class-wp-hook.php on line 324
[31-Jul-2025 13:05:00 UTC] PHP Fatal error:  Uncaught TypeError: call_user_func_array(): Argument #1 ($callback) must be a valid callback, function "separate_blog_setup" not found or invalid function name in /var/www/html/cleanpress/wp-includes/class-wp-hook.php:324
Stack trace:
#0 /var/www/html/cleanpress/wp-includes/class-wp-hook.php(348): WP_Hook->apply_filters()
#1 /var/www/html/cleanpress/wp-includes/plugin.php(517): WP_Hook->do_action()
#2 /var/www/html/cleanpress/wp-settings.php(705): do_action()
#3 /var/www/html/cleanpress/wp-config.php(103): require_once('...')
#4 /var/www/html/cleanpress/wp-load.php(50): require_once('...')
#5 /var/www/html/cleanpress/wp-admin/admin.php(35): require_once('...')
#6 /var/www/html/cleanpress/wp-admin/themes.php(10): require_once('...')
#7 {main}
  thrown in /var/www/html/cleanpress/wp-includes/class-wp-hook.php on line 324
[31-Jul-2025 13:05:03 UTC] PHP Fatal error:  Uncaught TypeError: call_user_func_array(): Argument #1 ($callback) must be a valid callback, function "separate_blog_setup" not found or invalid function name in /var/www/html/cleanpress/wp-includes/class-wp-hook.php:324
Stack trace:
#0 /var/www/html/cleanpress/wp-includes/class-wp-hook.php(348): WP_Hook->apply_filters()
#1 /var/www/html/cleanpress/wp-includes/plugin.php(517): WP_Hook->do_action()
#2 /var/www/html/cleanpress/wp-settings.php(705): do_action()
#3 /var/www/html/cleanpress/wp-config.php(103): require_once('...')
#4 /var/www/html/cleanpress/wp-load.php(50): require_once('...')
#5 /var/www/html/cleanpress/wp-admin/admin.php(35): require_once('...')
#6 /var/www/html/cleanpress/wp-admin/themes.php(10): require_once('...')
#7 {main}
  thrown in /var/www/html/cleanpress/wp-includes/class-wp-hook.php on line 324
[31-Jul-2025 13:05:03 UTC] PHP Fatal error:  Uncaught TypeError: call_user_func_array(): Argument #1 ($callback) must be a valid callback, function "separate_blog_setup" not found or invalid function name in /var/www/html/cleanpress/wp-includes/class-wp-hook.php:324
Stack trace:
#0 /var/www/html/cleanpress/wp-includes/class-wp-hook.php(348): WP_Hook->apply_filters()
#1 /var/www/html/cleanpress/wp-includes/plugin.php(517): WP_Hook->do_action()
#2 /var/www/html/cleanpress/wp-settings.php(705): do_action()
#3 /var/www/html/cleanpress/wp-config.php(103): require_once('...')
#4 /var/www/html/cleanpress/wp-load.php(50): require_once('...')
#5 /var/www/html/cleanpress/wp-admin/admin.php(35): require_once('...')
#6 /var/www/html/cleanpress/wp-admin/themes.php(10): require_once('...')
#7 {main}
  thrown in /var/www/html/cleanpress/wp-includes/class-wp-hook.php on line 324
[31-Jul-2025 13:05:03 UTC] PHP Fatal error:  Uncaught TypeError: call_user_func_array(): Argument #1 ($callback) must be a valid callback, function "separate_blog_setup" not found or invalid function name in /var/www/html/cleanpress/wp-includes/class-wp-hook.php:324
Stack trace:
#0 /var/www/html/cleanpress/wp-includes/class-wp-hook.php(348): WP_Hook->apply_filters()
#1 /var/www/html/cleanpress/wp-includes/plugin.php(517): WP_Hook->do_action()
#2 /var/www/html/cleanpress/wp-settings.php(705): do_action()
#3 /var/www/html/cleanpress/wp-config.php(103): require_once('...')
#4 /var/www/html/cleanpress/wp-load.php(50): require_once('...')
#5 /var/www/html/cleanpress/wp-admin/admin.php(35): require_once('...')
#6 /var/www/html/cleanpress/wp-admin/themes.php(10): require_once('...')
#7 {main}
  thrown in /var/www/html/cleanpress/wp-includes/class-wp-hook.php on line 324
[31-Jul-2025 13:07:21 UTC] PHP Fatal error:  Uncaught TypeError: call_user_func_array(): Argument #1 ($callback) must be a valid callback, function "separate_blog_content_width" not found or invalid function name in /var/www/html/cleanpress/wp-includes/class-wp-hook.php:324
Stack trace:
#0 /var/www/html/cleanpress/wp-includes/class-wp-hook.php(348): WP_Hook->apply_filters()
#1 /var/www/html/cleanpress/wp-includes/plugin.php(517): WP_Hook->do_action()
#2 /var/www/html/cleanpress/wp-settings.php(705): do_action()
#3 /var/www/html/cleanpress/wp-config.php(103): require_once('...')
#4 /var/www/html/cleanpress/wp-load.php(50): require_once('...')
#5 /var/www/html/cleanpress/wp-admin/admin.php(35): require_once('...')
#6 /var/www/html/cleanpress/wp-admin/themes.php(10): require_once('...')
#7 {main}
  thrown in /var/www/html/cleanpress/wp-includes/class-wp-hook.php on line 324
[31-Jul-2025 13:08:04 UTC] PHP Fatal error:  Uncaught TypeError: call_user_func_array(): Argument #1 ($callback) must be a valid callback, function "separate_blog_setup" not found or invalid function name in /var/www/html/cleanpress/wp-includes/class-wp-hook.php:324
Stack trace:
#0 /var/www/html/cleanpress/wp-includes/class-wp-hook.php(348): WP_Hook->apply_filters()
#1 /var/www/html/cleanpress/wp-includes/plugin.php(517): WP_Hook->do_action()
#2 /var/www/html/cleanpress/wp-settings.php(705): do_action()
#3 /var/www/html/cleanpress/wp-config.php(103): require_once('...')
#4 /var/www/html/cleanpress/wp-load.php(50): require_once('...')
#5 /var/www/html/cleanpress/wp-admin/admin.php(35): require_once('...')
#6 /var/www/html/cleanpress/wp-admin/themes.php(10): require_once('...')
#7 {main}
  thrown in /var/www/html/cleanpress/wp-includes/class-wp-hook.php on line 324
[31-Jul-2025 13:08:05 UTC] PHP Fatal error:  Uncaught TypeError: call_user_func_array(): Argument #1 ($callback) must be a valid callback, function "separate_blog_setup" not found or invalid function name in /var/www/html/cleanpress/wp-includes/class-wp-hook.php:324
Stack trace:
#0 /var/www/html/cleanpress/wp-includes/class-wp-hook.php(348): WP_Hook->apply_filters()
#1 /var/www/html/cleanpress/wp-includes/plugin.php(517): WP_Hook->do_action()
#2 /var/www/html/cleanpress/wp-settings.php(705): do_action()
#3 /var/www/html/cleanpress/wp-config.php(103): require_once('...')
#4 /var/www/html/cleanpress/wp-load.php(50): require_once('...')
#5 /var/www/html/cleanpress/wp-admin/admin.php(35): require_once('...')
#6 /var/www/html/cleanpress/wp-admin/themes.php(10): require_once('...')
#7 {main}
  thrown in /var/www/html/cleanpress/wp-includes/class-wp-hook.php on line 324
[31-Jul-2025 13:08:06 UTC] PHP Fatal error:  Uncaught TypeError: call_user_func_array(): Argument #1 ($callback) must be a valid callback, function "separate_blog_setup" not found or invalid function name in /var/www/html/cleanpress/wp-includes/class-wp-hook.php:324
Stack trace:
#0 /var/www/html/cleanpress/wp-includes/class-wp-hook.php(348): WP_Hook->apply_filters()
#1 /var/www/html/cleanpress/wp-includes/plugin.php(517): WP_Hook->do_action()
#2 /var/www/html/cleanpress/wp-settings.php(705): do_action()
#3 /var/www/html/cleanpress/wp-config.php(103): require_once('...')
#4 /var/www/html/cleanpress/wp-load.php(50): require_once('...')
#5 /var/www/html/cleanpress/wp-admin/admin.php(35): require_once('...')
#6 /var/www/html/cleanpress/wp-admin/themes.php(10): require_once('...')
#7 {main}
  thrown in /var/www/html/cleanpress/wp-includes/class-wp-hook.php on line 324
[31-Jul-2025 13:08:06 UTC] PHP Fatal error:  Uncaught TypeError: call_user_func_array(): Argument #1 ($callback) must be a valid callback, function "separate_blog_setup" not found or invalid function name in /var/www/html/cleanpress/wp-includes/class-wp-hook.php:324
Stack trace:
#0 /var/www/html/cleanpress/wp-includes/class-wp-hook.php(348): WP_Hook->apply_filters()
#1 /var/www/html/cleanpress/wp-includes/plugin.php(517): WP_Hook->do_action()
#2 /var/www/html/cleanpress/wp-settings.php(705): do_action()
#3 /var/www/html/cleanpress/wp-config.php(103): require_once('...')
#4 /var/www/html/cleanpress/wp-load.php(50): require_once('...')
#5 /var/www/html/cleanpress/wp-admin/admin.php(35): require_once('...')
#6 /var/www/html/cleanpress/wp-admin/themes.php(10): require_once('...')
#7 {main}
  thrown in /var/www/html/cleanpress/wp-includes/class-wp-hook.php on line 324
[31-Jul-2025 13:08:06 UTC] PHP Fatal error:  Uncaught TypeError: call_user_func_array(): Argument #1 ($callback) must be a valid callback, function "separate_blog_setup" not found or invalid function name in /var/www/html/cleanpress/wp-includes/class-wp-hook.php:324
Stack trace:
#0 /var/www/html/cleanpress/wp-includes/class-wp-hook.php(348): WP_Hook->apply_filters()
#1 /var/www/html/cleanpress/wp-includes/plugin.php(517): WP_Hook->do_action()
#2 /var/www/html/cleanpress/wp-settings.php(705): do_action()
#3 /var/www/html/cleanpress/wp-config.php(103): require_once('...')
#4 /var/www/html/cleanpress/wp-load.php(50): require_once('...')
#5 /var/www/html/cleanpress/wp-admin/admin.php(35): require_once('...')
#6 /var/www/html/cleanpress/wp-admin/themes.php(10): require_once('...')
#7 {main}
  thrown in /var/www/html/cleanpress/wp-includes/class-wp-hook.php on line 324
[31-Jul-2025 13:08:06 UTC] PHP Fatal error:  Uncaught TypeError: call_user_func_array(): Argument #1 ($callback) must be a valid callback, function "separate_blog_setup" not found or invalid function name in /var/www/html/cleanpress/wp-includes/class-wp-hook.php:324
Stack trace:
#0 /var/www/html/cleanpress/wp-includes/class-wp-hook.php(348): WP_Hook->apply_filters()
#1 /var/www/html/cleanpress/wp-includes/plugin.php(517): WP_Hook->do_action()
#2 /var/www/html/cleanpress/wp-settings.php(705): do_action()
#3 /var/www/html/cleanpress/wp-config.php(103): require_once('...')
#4 /var/www/html/cleanpress/wp-load.php(50): require_once('...')
#5 /var/www/html/cleanpress/wp-admin/admin.php(35): require_once('...')
#6 /var/www/html/cleanpress/wp-admin/themes.php(10): require_once('...')
#7 {main}
  thrown in /var/www/html/cleanpress/wp-includes/class-wp-hook.php on line 324
[31-Jul-2025 13:08:25 UTC] PHP Fatal error:  Uncaught TypeError: call_user_func_array(): Argument #1 ($callback) must be a valid callback, function "separate_blog_content_width" not found or invalid function name in /var/www/html/cleanpress/wp-includes/class-wp-hook.php:324
Stack trace:
#0 /var/www/html/cleanpress/wp-includes/class-wp-hook.php(348): WP_Hook->apply_filters()
#1 /var/www/html/cleanpress/wp-includes/plugin.php(517): WP_Hook->do_action()
#2 /var/www/html/cleanpress/wp-settings.php(705): do_action()
#3 /var/www/html/cleanpress/wp-config.php(103): require_once('...')
#4 /var/www/html/cleanpress/wp-load.php(50): require_once('...')
#5 /var/www/html/cleanpress/wp-admin/admin.php(35): require_once('...')
#6 /var/www/html/cleanpress/wp-admin/themes.php(10): require_once('...')
#7 {main}
  thrown in /var/www/html/cleanpress/wp-includes/class-wp-hook.php on line 324
[31-Jul-2025 13:08:55 UTC] PHP Fatal error:  Uncaught TypeError: call_user_func_array(): Argument #1 ($callback) must be a valid callback, function "separate_blog_content_width" not found or invalid function name in /var/www/html/cleanpress/wp-includes/class-wp-hook.php:324
Stack trace:
#0 /var/www/html/cleanpress/wp-includes/class-wp-hook.php(348): WP_Hook->apply_filters()
#1 /var/www/html/cleanpress/wp-includes/plugin.php(517): WP_Hook->do_action()
#2 /var/www/html/cleanpress/wp-settings.php(705): do_action()
#3 /var/www/html/cleanpress/wp-config.php(103): require_once('...')
#4 /var/www/html/cleanpress/wp-load.php(50): require_once('...')
#5 /var/www/html/cleanpress/wp-blog-header.php(13): require_once('...')
#6 /var/www/html/cleanpress/index.php(17): require('...')
#7 {main}
  thrown in /var/www/html/cleanpress/wp-includes/class-wp-hook.php on line 324
[31-Jul-2025 13:09:52 UTC] PHP Fatal error:  Uncaught TypeError: call_user_func_array(): Argument #1 ($callback) must be a valid callback, function "separate_blog_content_width" not found or invalid function name in /var/www/html/cleanpress/wp-includes/class-wp-hook.php:324
Stack trace:
#0 /var/www/html/cleanpress/wp-includes/class-wp-hook.php(348): WP_Hook->apply_filters()
#1 /var/www/html/cleanpress/wp-includes/plugin.php(517): WP_Hook->do_action()
#2 /var/www/html/cleanpress/wp-settings.php(705): do_action()
#3 /var/www/html/cleanpress/wp-config.php(103): require_once('...')
#4 /var/www/html/cleanpress/wp-load.php(50): require_once('...')
#5 /var/www/html/cleanpress/wp-blog-header.php(13): require_once('...')
#6 /var/www/html/cleanpress/index.php(17): require('...')
#7 {main}
  thrown in /var/www/html/cleanpress/wp-includes/class-wp-hook.php on line 324
[31-Jul-2025 13:11:58 UTC] PHP Fatal error:  Uncaught TypeError: call_user_func_array(): Argument #1 ($callback) must be a valid callback, function "separate_blog_setup" not found or invalid function name in /var/www/html/cleanpress/wp-includes/class-wp-hook.php:324
Stack trace:
#0 /var/www/html/cleanpress/wp-includes/class-wp-hook.php(348): WP_Hook->apply_filters()
#1 /var/www/html/cleanpress/wp-includes/plugin.php(517): WP_Hook->do_action()
#2 /var/www/html/cleanpress/wp-settings.php(705): do_action()
#3 /var/www/html/cleanpress/wp-config.php(103): require_once('...')
#4 /var/www/html/cleanpress/wp-load.php(50): require_once('...')
#5 /var/www/html/cleanpress/wp-blog-header.php(13): require_once('...')
#6 /var/www/html/cleanpress/index.php(17): require('...')
#7 {main}
  thrown in /var/www/html/cleanpress/wp-includes/class-wp-hook.php on line 324
[31-Jul-2025 13:12:06 UTC] PHP Fatal error:  Uncaught TypeError: call_user_func_array(): Argument #1 ($callback) must be a valid callback, function "separate_blog_setup" not found or invalid function name in /var/www/html/cleanpress/wp-includes/class-wp-hook.php:324
Stack trace:
#0 /var/www/html/cleanpress/wp-includes/class-wp-hook.php(348): WP_Hook->apply_filters()
#1 /var/www/html/cleanpress/wp-includes/plugin.php(517): WP_Hook->do_action()
#2 /var/www/html/cleanpress/wp-settings.php(705): do_action()
#3 /var/www/html/cleanpress/wp-config.php(103): require_once('...')
#4 /var/www/html/cleanpress/wp-load.php(50): require_once('...')
#5 /var/www/html/cleanpress/wp-blog-header.php(13): require_once('...')
#6 /var/www/html/cleanpress/index.php(17): require('...')
#7 {main}
  thrown in /var/www/html/cleanpress/wp-includes/class-wp-hook.php on line 324
[31-Jul-2025 13:12:46 UTC] PHP Fatal error:  Uncaught TypeError: call_user_func_array(): Argument #1 ($callback) must be a valid callback, function "separate_blog_widgets_init" not found or invalid function name in /var/www/html/cleanpress/wp-includes/class-wp-hook.php:324
Stack trace:
#0 /var/www/html/cleanpress/wp-includes/class-wp-hook.php(348): WP_Hook->apply_filters()
#1 /var/www/html/cleanpress/wp-includes/plugin.php(517): WP_Hook->do_action()
#2 /var/www/html/cleanpress/wp-includes/widgets.php(1870): do_action()
#3 /var/www/html/cleanpress/wp-includes/class-wp-hook.php(324): wp_widgets_init()
#4 /var/www/html/cleanpress/wp-includes/class-wp-hook.php(348): WP_Hook->apply_filters()
#5 /var/www/html/cleanpress/wp-includes/plugin.php(517): WP_Hook->do_action()
#6 /var/www/html/cleanpress/wp-settings.php(727): do_action()
#7 /var/www/html/cleanpress/wp-config.php(103): require_once('...')
#8 /var/www/html/cleanpress/wp-load.php(50): require_once('...')
#9 /var/www/html/cleanpress/wp-blog-header.php(13): require_once('...')
#10 /var/www/html/cleanpress/index.php(17): require('...')
#11 {main}
  thrown in /var/www/html/cleanpress/wp-includes/class-wp-hook.php on line 324
[31-Jul-2025 13:16:31 UTC] PHP Fatal error:  Uncaught TypeError: call_user_func_array(): Argument #1 ($callback) must be a valid callback, function "separate_blog_scripts" not found or invalid function name in /var/www/html/cleanpress/wp-includes/class-wp-hook.php:324
Stack trace:
#0 /var/www/html/cleanpress/wp-includes/class-wp-hook.php(348): WP_Hook->apply_filters()
#1 /var/www/html/cleanpress/wp-includes/plugin.php(517): WP_Hook->do_action()
#2 /var/www/html/cleanpress/wp-includes/script-loader.php(2299): do_action()
#3 /var/www/html/cleanpress/wp-includes/class-wp-hook.php(324): wp_enqueue_scripts()
#4 /var/www/html/cleanpress/wp-includes/class-wp-hook.php(348): WP_Hook->apply_filters()
#5 /var/www/html/cleanpress/wp-includes/plugin.php(517): WP_Hook->do_action()
#6 /var/www/html/cleanpress/wp-includes/general-template.php(3192): do_action()
#7 /var/www/html/cleanpress/wp-content/themes/cleanpress-blog/header.php(18): wp_head()
#8 /var/www/html/cleanpress/wp-includes/template.php(810): require_once('...')
#9 /var/www/html/cleanpress/wp-includes/template.php(745): load_template()
#10 /var/www/html/cleanpress/wp-includes/general-template.php(48): locate_template()
#11 /var/www/html/cleanpress/wp-content/themes/cleanpress-blog/index.php(14): get_header()
#12 /var/www/html/cleanpress/wp-includes/template-loader.php(106): include('...')
#13 /var/www/html/cleanpress/wp-blog-header.php(19): require_once('...')
#14 /var/www/html/cleanpress/index.php(17): require('...')
#15 {main}
  thrown in /var/www/html/cleanpress/wp-includes/class-wp-hook.php on line 324
[31-Jul-2025 13:17:15 UTC] PHP Fatal error:  Uncaught TypeError: call_user_func_array(): Argument #1 ($callback) must be a valid callback, function "separate_blog_search_form" not found or invalid function name in /var/www/html/cleanpress/wp-includes/class-wp-hook.php:326
Stack trace:
#0 /var/www/html/cleanpress/wp-includes/plugin.php(205): WP_Hook->apply_filters()
#1 /var/www/html/cleanpress/wp-includes/general-template.php(359): apply_filters()
#2 /var/www/html/cleanpress/wp-content/themes/cleanpress-blog/header.php(28): get_search_form()
#3 /var/www/html/cleanpress/wp-includes/template.php(810): require_once('...')
#4 /var/www/html/cleanpress/wp-includes/template.php(745): load_template()
#5 /var/www/html/cleanpress/wp-includes/general-template.php(48): locate_template()
#6 /var/www/html/cleanpress/wp-content/themes/cleanpress-blog/index.php(14): get_header()
#7 /var/www/html/cleanpress/wp-includes/template-loader.php(106): include('...')
#8 /var/www/html/cleanpress/wp-blog-header.php(19): require_once('...')
#9 /var/www/html/cleanpress/index.php(17): require('...')
#10 {main}
  thrown in /var/www/html/cleanpress/wp-includes/class-wp-hook.php on line 326
[31-Jul-2025 13:17:19 UTC] PHP Fatal error:  Uncaught TypeError: call_user_func_array(): Argument #1 ($callback) must be a valid callback, function "separate_blog_search_form" not found or invalid function name in /var/www/html/cleanpress/wp-includes/class-wp-hook.php:326
Stack trace:
#0 /var/www/html/cleanpress/wp-includes/plugin.php(205): WP_Hook->apply_filters()
#1 /var/www/html/cleanpress/wp-includes/general-template.php(359): apply_filters()
#2 /var/www/html/cleanpress/wp-content/themes/cleanpress-blog/header.php(28): get_search_form()
#3 /var/www/html/cleanpress/wp-includes/template.php(810): require_once('...')
#4 /var/www/html/cleanpress/wp-includes/template.php(745): load_template()
#5 /var/www/html/cleanpress/wp-includes/general-template.php(48): locate_template()
#6 /var/www/html/cleanpress/wp-content/themes/cleanpress-blog/index.php(14): get_header()
#7 /var/www/html/cleanpress/wp-includes/template-loader.php(106): include('...')
#8 /var/www/html/cleanpress/wp-blog-header.php(19): require_once('...')
#9 /var/www/html/cleanpress/index.php(17): require('...')
#10 {main}
  thrown in /var/www/html/cleanpress/wp-includes/class-wp-hook.php on line 326
[31-Jul-2025 13:17:19 UTC] PHP Fatal error:  Uncaught TypeError: call_user_func_array(): Argument #1 ($callback) must be a valid callback, function "separate_blog_search_form" not found or invalid function name in /var/www/html/cleanpress/wp-includes/class-wp-hook.php:326
Stack trace:
#0 /var/www/html/cleanpress/wp-includes/plugin.php(205): WP_Hook->apply_filters()
#1 /var/www/html/cleanpress/wp-includes/general-template.php(359): apply_filters()
#2 /var/www/html/cleanpress/wp-content/themes/cleanpress-blog/header.php(28): get_search_form()
#3 /var/www/html/cleanpress/wp-includes/template.php(810): require_once('...')
#4 /var/www/html/cleanpress/wp-includes/template.php(745): load_template()
#5 /var/www/html/cleanpress/wp-includes/general-template.php(48): locate_template()
#6 /var/www/html/cleanpress/wp-content/themes/cleanpress-blog/index.php(14): get_header()
#7 /var/www/html/cleanpress/wp-includes/template-loader.php(106): include('...')
#8 /var/www/html/cleanpress/wp-blog-header.php(19): require_once('...')
#9 /var/www/html/cleanpress/index.php(17): require('...')
#10 {main}
  thrown in /var/www/html/cleanpress/wp-includes/class-wp-hook.php on line 326
[31-Jul-2025 13:17:19 UTC] PHP Fatal error:  Uncaught TypeError: call_user_func_array(): Argument #1 ($callback) must be a valid callback, function "separate_blog_search_form" not found or invalid function name in /var/www/html/cleanpress/wp-includes/class-wp-hook.php:326
Stack trace:
#0 /var/www/html/cleanpress/wp-includes/plugin.php(205): WP_Hook->apply_filters()
#1 /var/www/html/cleanpress/wp-includes/general-template.php(359): apply_filters()
#2 /var/www/html/cleanpress/wp-content/themes/cleanpress-blog/header.php(28): get_search_form()
#3 /var/www/html/cleanpress/wp-includes/template.php(810): require_once('...')
#4 /var/www/html/cleanpress/wp-includes/template.php(745): load_template()
#5 /var/www/html/cleanpress/wp-includes/general-template.php(48): locate_template()
#6 /var/www/html/cleanpress/wp-content/themes/cleanpress-blog/index.php(14): get_header()
#7 /var/www/html/cleanpress/wp-includes/template-loader.php(106): include('...')
#8 /var/www/html/cleanpress/wp-blog-header.php(19): require_once('...')
#9 /var/www/html/cleanpress/index.php(17): require('...')
#10 {main}
  thrown in /var/www/html/cleanpress/wp-includes/class-wp-hook.php on line 326
[31-Jul-2025 13:17:53 UTC] PHP Fatal error:  Uncaught TypeError: call_user_func_array(): Argument #1 ($callback) must be a valid callback, function "separate_blog_search_form" not found or invalid function name in /var/www/html/cleanpress/wp-includes/class-wp-hook.php:326
Stack trace:
#0 /var/www/html/cleanpress/wp-includes/plugin.php(205): WP_Hook->apply_filters()
#1 /var/www/html/cleanpress/wp-includes/general-template.php(359): apply_filters()
#2 /var/www/html/cleanpress/wp-content/themes/cleanpress-blog/header.php(28): get_search_form()
#3 /var/www/html/cleanpress/wp-includes/template.php(810): require_once('...')
#4 /var/www/html/cleanpress/wp-includes/template.php(745): load_template()
#5 /var/www/html/cleanpress/wp-includes/general-template.php(48): locate_template()
#6 /var/www/html/cleanpress/wp-content/themes/cleanpress-blog/index.php(14): get_header()
#7 /var/www/html/cleanpress/wp-includes/template-loader.php(106): include('...')
#8 /var/www/html/cleanpress/wp-blog-header.php(19): require_once('...')
#9 /var/www/html/cleanpress/index.php(17): require('...')
#10 {main}
  thrown in /var/www/html/cleanpress/wp-includes/class-wp-hook.php on line 326
[31-Jul-2025 13:18:00 UTC] PHP Fatal error:  Uncaught TypeError: call_user_func_array(): Argument #1 ($callback) must be a valid callback, function "separate_blog_search_form" not found or invalid function name in /var/www/html/cleanpress/wp-includes/class-wp-hook.php:326
Stack trace:
#0 /var/www/html/cleanpress/wp-includes/plugin.php(205): WP_Hook->apply_filters()
#1 /var/www/html/cleanpress/wp-includes/general-template.php(359): apply_filters()
#2 /var/www/html/cleanpress/wp-content/themes/cleanpress-blog/header.php(28): get_search_form()
#3 /var/www/html/cleanpress/wp-includes/template.php(810): require_once('...')
#4 /var/www/html/cleanpress/wp-includes/template.php(745): load_template()
#5 /var/www/html/cleanpress/wp-includes/general-template.php(48): locate_template()
#6 /var/www/html/cleanpress/wp-content/themes/cleanpress-blog/404.php(9): get_header()
#7 /var/www/html/cleanpress/wp-includes/template-loader.php(106): include('...')
#8 /var/www/html/cleanpress/wp-blog-header.php(19): require_once('...')
#9 /var/www/html/cleanpress/index.php(17): require('...')
#10 {main}
  thrown in /var/www/html/cleanpress/wp-includes/class-wp-hook.php on line 326
[31-Jul-2025 13:28:44 UTC] PHP Warning:  require(/var/www/html/cleanpress/wp-content/themes/cleanpress-blog/inc/cleanpress-template-tags.php): Failed to open stream: No such file or directory in /var/www/html/cleanpress/wp-content/themes/cleanpress-blog/functions.php on line 227
[31-Jul-2025 13:28:44 UTC] PHP Fatal error:  Uncaught Error: Failed opening required '/var/www/html/cleanpress/wp-content/themes/cleanpress-blog/inc/cleanpress-template-tags.php' (include_path='.:/usr/share/php') in /var/www/html/cleanpress/wp-content/themes/cleanpress-blog/functions.php:227
Stack trace:
#0 /var/www/html/cleanpress/wp-settings.php(695): include()
#1 /var/www/html/cleanpress/wp-config.php(103): require_once('...')
#2 /var/www/html/cleanpress/wp-load.php(50): require_once('...')
#3 /var/www/html/cleanpress/wp-admin/admin.php(35): require_once('...')
#4 /var/www/html/cleanpress/wp-admin/user-edit.php(10): require_once('...')
#5 /var/www/html/cleanpress/wp-admin/profile.php(18): require_once('...')
#6 {main}
  thrown in /var/www/html/cleanpress/wp-content/themes/cleanpress-blog/functions.php on line 227
[31-Jul-2025 14:01:09 UTC] Automatic updates starting...
[31-Jul-2025 14:01:09 UTC]   Automatic plugin updates starting...
[31-Jul-2025 14:01:09 UTC]   Automatic plugin updates complete.
[31-Jul-2025 14:01:09 UTC] Automatic updates complete.
[01-Aug-2025 04:36:25 UTC] Automatic updates starting...
[01-Aug-2025 04:36:25 UTC]   Automatic plugin updates starting...
[01-Aug-2025 04:36:25 UTC]   Automatic plugin updates complete.
[01-Aug-2025 04:36:25 UTC] Automatic updates complete.
[01-Aug-2025 08:59:30 UTC] PHP Fatal error:  Uncaught ArgumentCountError: 3 arguments are required, 2 given in /var/www/html/cleanpress/wp-content/themes/cleanpress-org/footer.php:14
Stack trace:
#0 /var/www/html/cleanpress/wp-content/themes/cleanpress-org/footer.php(14): printf()
#1 /var/www/html/cleanpress/wp-includes/template.php(810): require_once('...')
#2 /var/www/html/cleanpress/wp-includes/template.php(745): load_template()
#3 /var/www/html/cleanpress/wp-includes/general-template.php(92): locate_template()
#4 /var/www/html/cleanpress/wp-content/themes/cleanpress-org/index.php(35): get_footer()
#5 /var/www/html/cleanpress/wp-includes/template-loader.php(106): include('...')
#6 /var/www/html/cleanpress/wp-blog-header.php(19): require_once('...')
#7 /var/www/html/cleanpress/index.php(17): require('...')
#8 {main}
  thrown in /var/www/html/cleanpress/wp-content/themes/cleanpress-org/footer.php on line 14
[01-Aug-2025 09:12:52 UTC] PHP Warning:  wp_update_plugins(): An unexpected error occurred. Something may be wrong with WordPress.org or this server&#8217;s configuration. If you continue to have problems, please try the <a href="https://wordpress.org/support/forums/">support forums</a>. (WordPress could not establish a secure connection to WordPress.org. Please contact your server administrator.) in /var/www/html/cleanpress/wp-includes/functions.php on line 6121
[01-Aug-2025 10:40:53 UTC] PHP Warning:  filemtime(): stat failed for /var/www/html/cleanpress/wp-content/themes/bloglume/assets/css/custom.css in /var/www/html/cleanpress/wp-content/themes/bloglume/functions.php on line 48
[01-Aug-2025 10:40:53 UTC] PHP Warning:  filemtime(): stat failed for /var/www/html/cleanpress/wp-content/themes/bloglume/assets/js/custom.js in /var/www/html/cleanpress/wp-content/themes/bloglume/functions.php on line 65
[01-Aug-2025 10:40:53 UTC] PHP Fatal error:  Uncaught Error: Class "Separate_Blog_Walker_Nav_Menu" not found in /var/www/html/cleanpress/wp-content/themes/bloglume/header.php:53
Stack trace:
#0 /var/www/html/cleanpress/wp-includes/template.php(810): require_once()
#1 /var/www/html/cleanpress/wp-includes/template.php(745): load_template()
#2 /var/www/html/cleanpress/wp-includes/general-template.php(48): locate_template()
#3 /var/www/html/cleanpress/wp-content/themes/bloglume/index.php(14): get_header()
#4 /var/www/html/cleanpress/wp-includes/template-loader.php(106): include('...')
#5 /var/www/html/cleanpress/wp-blog-header.php(19): require_once('...')
#6 /var/www/html/cleanpress/index.php(17): require('...')
#7 {main}
  thrown in /var/www/html/cleanpress/wp-content/themes/bloglume/header.php on line 53
[01-Aug-2025 10:40:53 UTC] PHP Warning:  filemtime(): stat failed for /var/www/html/cleanpress/wp-content/themes/bloglume/assets/css/custom.css in /var/www/html/cleanpress/wp-content/themes/bloglume/functions.php on line 48
[01-Aug-2025 10:40:53 UTC] PHP Warning:  filemtime(): stat failed for /var/www/html/cleanpress/wp-content/themes/bloglume/assets/js/custom.js in /var/www/html/cleanpress/wp-content/themes/bloglume/functions.php on line 65
[01-Aug-2025 10:40:53 UTC] PHP Fatal error:  Uncaught Error: Class "Separate_Blog_Walker_Nav_Menu" not found in /var/www/html/cleanpress/wp-content/themes/bloglume/header.php:53
Stack trace:
#0 /var/www/html/cleanpress/wp-includes/template.php(810): require_once()
#1 /var/www/html/cleanpress/wp-includes/template.php(745): load_template()
#2 /var/www/html/cleanpress/wp-includes/general-template.php(48): locate_template()
#3 /var/www/html/cleanpress/wp-content/themes/bloglume/404.php(1): get_header()
#4 /var/www/html/cleanpress/wp-includes/template-loader.php(106): include('...')
#5 /var/www/html/cleanpress/wp-blog-header.php(19): require_once('...')
#6 /var/www/html/cleanpress/index.php(17): require('...')
#7 {main}
  thrown in /var/www/html/cleanpress/wp-content/themes/bloglume/header.php on line 53
[01-Aug-2025 10:41:07 UTC] PHP Warning:  filemtime(): stat failed for /var/www/html/cleanpress/wp-content/themes/bloglume/assets/css/custom.css in /var/www/html/cleanpress/wp-content/themes/bloglume/functions.php on line 48
[01-Aug-2025 10:41:07 UTC] PHP Warning:  filemtime(): stat failed for /var/www/html/cleanpress/wp-content/themes/bloglume/assets/js/custom.js in /var/www/html/cleanpress/wp-content/themes/bloglume/functions.php on line 65
[01-Aug-2025 10:41:07 UTC] PHP Fatal error:  Uncaught Error: Class "Separate_Blog_Walker_Nav_Menu" not found in /var/www/html/cleanpress/wp-content/themes/bloglume/header.php:53
Stack trace:
#0 /var/www/html/cleanpress/wp-includes/template.php(810): require_once()
#1 /var/www/html/cleanpress/wp-includes/template.php(745): load_template()
#2 /var/www/html/cleanpress/wp-includes/general-template.php(48): locate_template()
#3 /var/www/html/cleanpress/wp-content/themes/bloglume/index.php(14): get_header()
#4 /var/www/html/cleanpress/wp-includes/template-loader.php(106): include('...')
#5 /var/www/html/cleanpress/wp-blog-header.php(19): require_once('...')
#6 /var/www/html/cleanpress/index.php(17): require('...')
#7 {main}
  thrown in /var/www/html/cleanpress/wp-content/themes/bloglume/header.php on line 53
[01-Aug-2025 10:41:07 UTC] PHP Warning:  filemtime(): stat failed for /var/www/html/cleanpress/wp-content/themes/bloglume/assets/css/custom.css in /var/www/html/cleanpress/wp-content/themes/bloglume/functions.php on line 48
[01-Aug-2025 10:41:07 UTC] PHP Warning:  filemtime(): stat failed for /var/www/html/cleanpress/wp-content/themes/bloglume/assets/js/custom.js in /var/www/html/cleanpress/wp-content/themes/bloglume/functions.php on line 65
[01-Aug-2025 10:41:07 UTC] PHP Fatal error:  Uncaught Error: Class "Separate_Blog_Walker_Nav_Menu" not found in /var/www/html/cleanpress/wp-content/themes/bloglume/header.php:53
Stack trace:
#0 /var/www/html/cleanpress/wp-includes/template.php(810): require_once()
#1 /var/www/html/cleanpress/wp-includes/template.php(745): load_template()
#2 /var/www/html/cleanpress/wp-includes/general-template.php(48): locate_template()
#3 /var/www/html/cleanpress/wp-content/themes/bloglume/404.php(1): get_header()
#4 /var/www/html/cleanpress/wp-includes/template-loader.php(106): include('...')
#5 /var/www/html/cleanpress/wp-blog-header.php(19): require_once('...')
#6 /var/www/html/cleanpress/index.php(17): require('...')
#7 {main}
  thrown in /var/www/html/cleanpress/wp-content/themes/bloglume/header.php on line 53
[01-Aug-2025 10:41:26 UTC] PHP Warning:  filemtime(): stat failed for /var/www/html/cleanpress/wp-content/themes/bloglume/assets/css/custom.css in /var/www/html/cleanpress/wp-content/themes/bloglume/functions.php on line 48
[01-Aug-2025 10:41:26 UTC] PHP Warning:  filemtime(): stat failed for /var/www/html/cleanpress/wp-content/themes/bloglume/assets/js/custom.js in /var/www/html/cleanpress/wp-content/themes/bloglume/functions.php on line 65
[01-Aug-2025 10:41:26 UTC] PHP Fatal error:  Uncaught Error: Class "Separate_Blog_Walker_Nav_Menu" not found in /var/www/html/cleanpress/wp-content/themes/bloglume/header.php:53
Stack trace:
#0 /var/www/html/cleanpress/wp-includes/template.php(810): require_once()
#1 /var/www/html/cleanpress/wp-includes/template.php(745): load_template()
#2 /var/www/html/cleanpress/wp-includes/general-template.php(48): locate_template()
#3 /var/www/html/cleanpress/wp-content/themes/bloglume/index.php(14): get_header()
#4 /var/www/html/cleanpress/wp-includes/template-loader.php(106): include('...')
#5 /var/www/html/cleanpress/wp-blog-header.php(19): require_once('...')
#6 /var/www/html/cleanpress/index.php(17): require('...')
#7 {main}
  thrown in /var/www/html/cleanpress/wp-content/themes/bloglume/header.php on line 53
[01-Aug-2025 10:41:26 UTC] PHP Warning:  filemtime(): stat failed for /var/www/html/cleanpress/wp-content/themes/bloglume/assets/css/custom.css in /var/www/html/cleanpress/wp-content/themes/bloglume/functions.php on line 48
[01-Aug-2025 10:41:26 UTC] PHP Warning:  filemtime(): stat failed for /var/www/html/cleanpress/wp-content/themes/bloglume/assets/js/custom.js in /var/www/html/cleanpress/wp-content/themes/bloglume/functions.php on line 65
[01-Aug-2025 10:41:26 UTC] PHP Fatal error:  Uncaught Error: Class "Separate_Blog_Walker_Nav_Menu" not found in /var/www/html/cleanpress/wp-content/themes/bloglume/header.php:53
Stack trace:
#0 /var/www/html/cleanpress/wp-includes/template.php(810): require_once()
#1 /var/www/html/cleanpress/wp-includes/template.php(745): load_template()
#2 /var/www/html/cleanpress/wp-includes/general-template.php(48): locate_template()
#3 /var/www/html/cleanpress/wp-content/themes/bloglume/404.php(1): get_header()
#4 /var/www/html/cleanpress/wp-includes/template-loader.php(106): include('...')
#5 /var/www/html/cleanpress/wp-blog-header.php(19): require_once('...')
#6 /var/www/html/cleanpress/index.php(17): require('...')
#7 {main}
  thrown in /var/www/html/cleanpress/wp-content/themes/bloglume/header.php on line 53
[01-Aug-2025 10:42:23 UTC] PHP Warning:  filemtime(): stat failed for /var/www/html/cleanpress/wp-content/themes/bloglume/assets/css/custom.css in /var/www/html/cleanpress/wp-content/themes/bloglume/functions.php on line 48
[01-Aug-2025 10:42:23 UTC] PHP Warning:  filemtime(): stat failed for /var/www/html/cleanpress/wp-content/themes/bloglume/assets/js/custom.js in /var/www/html/cleanpress/wp-content/themes/bloglume/functions.php on line 65
[01-Aug-2025 10:42:23 UTC] PHP Fatal error:  Uncaught Error: Call to undefined function separate_blog_banner() in /var/www/html/cleanpress/wp-content/themes/bloglume/index.php:15
Stack trace:
#0 /var/www/html/cleanpress/wp-includes/template-loader.php(106): include()
#1 /var/www/html/cleanpress/wp-blog-header.php(19): require_once('...')
#2 /var/www/html/cleanpress/index.php(17): require('...')
#3 {main}
  thrown in /var/www/html/cleanpress/wp-content/themes/bloglume/index.php on line 15
[01-Aug-2025 10:42:23 UTC] PHP Warning:  filemtime(): stat failed for /var/www/html/cleanpress/wp-content/themes/bloglume/assets/css/custom.css in /var/www/html/cleanpress/wp-content/themes/bloglume/functions.php on line 48
[01-Aug-2025 10:42:23 UTC] PHP Warning:  filemtime(): stat failed for /var/www/html/cleanpress/wp-content/themes/bloglume/assets/js/custom.js in /var/www/html/cleanpress/wp-content/themes/bloglume/functions.php on line 65
[01-Aug-2025 10:42:45 UTC] PHP Warning:  filemtime(): stat failed for /var/www/html/cleanpress/wp-content/themes/bloglume/assets/css/custom.css in /var/www/html/cleanpress/wp-content/themes/bloglume/functions.php on line 48
[01-Aug-2025 10:42:45 UTC] PHP Warning:  filemtime(): stat failed for /var/www/html/cleanpress/wp-content/themes/bloglume/assets/js/custom.js in /var/www/html/cleanpress/wp-content/themes/bloglume/functions.php on line 65
[01-Aug-2025 10:42:45 UTC] PHP Fatal error:  Uncaught Error: Call to undefined function separate_blog_banner() in /var/www/html/cleanpress/wp-content/themes/bloglume/index.php:15
Stack trace:
#0 /var/www/html/cleanpress/wp-includes/template-loader.php(106): include()
#1 /var/www/html/cleanpress/wp-blog-header.php(19): require_once('...')
#2 /var/www/html/cleanpress/index.php(17): require('...')
#3 {main}
  thrown in /var/www/html/cleanpress/wp-content/themes/bloglume/index.php on line 15
[01-Aug-2025 10:42:45 UTC] PHP Warning:  filemtime(): stat failed for /var/www/html/cleanpress/wp-content/themes/bloglume/assets/css/custom.css in /var/www/html/cleanpress/wp-content/themes/bloglume/functions.php on line 48
[01-Aug-2025 10:42:45 UTC] PHP Warning:  filemtime(): stat failed for /var/www/html/cleanpress/wp-content/themes/bloglume/assets/js/custom.js in /var/www/html/cleanpress/wp-content/themes/bloglume/functions.php on line 65
[01-Aug-2025 10:43:44 UTC] PHP Warning:  filemtime(): stat failed for /var/www/html/cleanpress/wp-content/themes/bloglume/assets/css/custom.css in /var/www/html/cleanpress/wp-content/themes/bloglume/functions.php on line 48
[01-Aug-2025 10:43:44 UTC] PHP Warning:  filemtime(): stat failed for /var/www/html/cleanpress/wp-content/themes/bloglume/assets/js/custom.js in /var/www/html/cleanpress/wp-content/themes/bloglume/functions.php on line 65
[01-Aug-2025 10:43:44 UTC] PHP Fatal error:  Uncaught Error: Call to undefined function separate_blog_banner() in /var/www/html/cleanpress/wp-content/themes/bloglume/index.php:15
Stack trace:
#0 /var/www/html/cleanpress/wp-includes/template-loader.php(106): include()
#1 /var/www/html/cleanpress/wp-blog-header.php(19): require_once('...')
#2 /var/www/html/cleanpress/index.php(17): require('...')
#3 {main}
  thrown in /var/www/html/cleanpress/wp-content/themes/bloglume/index.php on line 15
[01-Aug-2025 10:43:44 UTC] PHP Warning:  filemtime(): stat failed for /var/www/html/cleanpress/wp-content/themes/bloglume/assets/css/custom.css in /var/www/html/cleanpress/wp-content/themes/bloglume/functions.php on line 48
[01-Aug-2025 10:43:44 UTC] PHP Warning:  filemtime(): stat failed for /var/www/html/cleanpress/wp-content/themes/bloglume/assets/js/custom.js in /var/www/html/cleanpress/wp-content/themes/bloglume/functions.php on line 65
[01-Aug-2025 10:48:58 UTC] PHP Warning:  filemtime(): stat failed for /var/www/html/cleanpress/wp-content/themes/bloglume/assets/js/custom.js in /var/www/html/cleanpress/wp-content/themes/bloglume/functions.php on line 65
[01-Aug-2025 10:48:58 UTC] PHP Fatal error:  Uncaught Error: Call to undefined function separate_blog_banner() in /var/www/html/cleanpress/wp-content/themes/bloglume/index.php:15
Stack trace:
#0 /var/www/html/cleanpress/wp-includes/template-loader.php(106): include()
#1 /var/www/html/cleanpress/wp-blog-header.php(19): require_once('...')
#2 /var/www/html/cleanpress/index.php(17): require('...')
#3 {main}
  thrown in /var/www/html/cleanpress/wp-content/themes/bloglume/index.php on line 15
[01-Aug-2025 10:49:51 UTC] PHP Warning:  filemtime(): stat failed for /var/www/html/cleanpress/wp-content/themes/bloglume/assets/js/custom.js in /var/www/html/cleanpress/wp-content/themes/bloglume/functions.php on line 65
[01-Aug-2025 10:49:51 UTC] PHP Fatal error:  Uncaught Error: Call to undefined function separate_blog_banner() in /var/www/html/cleanpress/wp-content/themes/bloglume/index.php:15
Stack trace:
#0 /var/www/html/cleanpress/wp-includes/template-loader.php(106): include()
#1 /var/www/html/cleanpress/wp-blog-header.php(19): require_once('...')
#2 /var/www/html/cleanpress/index.php(17): require('...')
#3 {main}
  thrown in /var/www/html/cleanpress/wp-content/themes/bloglume/index.php on line 15
[01-Aug-2025 10:53:28 UTC] PHP Warning:  filemtime(): stat failed for /var/www/html/cleanpress/wp-content/themes/bloglume/assets/js/custom.js in /var/www/html/cleanpress/wp-content/themes/bloglume/functions.php on line 65
[01-Aug-2025 10:53:28 UTC] PHP Warning:  filemtime(): stat failed for /var/www/html/cleanpress/wp-content/themes/bloglume/assets/js/custom.js in /var/www/html/cleanpress/wp-content/themes/bloglume/functions.php on line 65
[01-Aug-2025 10:53:48 UTC] PHP Warning:  filemtime(): stat failed for /var/www/html/cleanpress/wp-content/themes/bloglume/assets/js/custom.js in /var/www/html/cleanpress/wp-content/themes/bloglume/functions.php on line 65
[01-Aug-2025 10:53:48 UTC] PHP Warning:  filemtime(): stat failed for /var/www/html/cleanpress/wp-content/themes/bloglume/assets/js/custom.js in /var/www/html/cleanpress/wp-content/themes/bloglume/functions.php on line 65
[01-Aug-2025 11:00:45 UTC] PHP Warning:  filemtime(): stat failed for /var/www/html/cleanpress/wp-content/themes/bloglume/assets/js/custom.js in /var/www/html/cleanpress/wp-content/themes/bloglume/functions.php on line 65
[01-Aug-2025 11:00:45 UTC] PHP Warning:  filemtime(): stat failed for /var/www/html/cleanpress/wp-content/themes/bloglume/assets/js/custom.js in /var/www/html/cleanpress/wp-content/themes/bloglume/functions.php on line 65
[01-Aug-2025 12:08:15 UTC] PHP Warning:  Undefined variable $hero_image in /var/www/html/cleanpress/wp-content/themes/bloglume/inc/template-functions.php on line 43
[01-Aug-2025 12:08:17 UTC] PHP Warning:  Undefined variable $hero_image in /var/www/html/cleanpress/wp-content/themes/bloglume/inc/template-functions.php on line 43
[01-Aug-2025 12:08:18 UTC] PHP Warning:  Undefined variable $hero_image in /var/www/html/cleanpress/wp-content/themes/bloglume/inc/template-functions.php on line 43
[01-Aug-2025 12:08:18 UTC] PHP Warning:  Undefined variable $hero_image in /var/www/html/cleanpress/wp-content/themes/bloglume/inc/template-functions.php on line 43
[01-Aug-2025 12:08:18 UTC] PHP Warning:  Undefined variable $hero_image in /var/www/html/cleanpress/wp-content/themes/bloglume/inc/template-functions.php on line 43
[01-Aug-2025 12:08:19 UTC] PHP Warning:  Undefined variable $hero_image in /var/www/html/cleanpress/wp-content/themes/bloglume/inc/template-functions.php on line 43
[01-Aug-2025 12:08:19 UTC] PHP Warning:  Undefined variable $hero_image in /var/www/html/cleanpress/wp-content/themes/bloglume/inc/template-functions.php on line 43
[01-Aug-2025 12:08:19 UTC] PHP Warning:  Undefined variable $hero_image in /var/www/html/cleanpress/wp-content/themes/bloglume/inc/template-functions.php on line 43
[01-Aug-2025 12:08:19 UTC] PHP Warning:  Undefined variable $hero_image in /var/www/html/cleanpress/wp-content/themes/bloglume/inc/template-functions.php on line 43
[01-Aug-2025 12:08:19 UTC] PHP Warning:  Undefined variable $hero_image in /var/www/html/cleanpress/wp-content/themes/bloglume/inc/template-functions.php on line 43
[01-Aug-2025 12:08:19 UTC] PHP Warning:  Undefined variable $hero_image in /var/www/html/cleanpress/wp-content/themes/bloglume/inc/template-functions.php on line 43
[01-Aug-2025 12:08:29 UTC] PHP Warning:  Undefined variable $hero_image in /var/www/html/cleanpress/wp-content/themes/bloglume/inc/template-functions.php on line 43
[01-Aug-2025 13:58:13 UTC] Automatic updates starting...
[01-Aug-2025 13:58:13 UTC]   Automatic plugin updates starting...
[01-Aug-2025 13:58:13 UTC]   Automatic plugin updates complete.
[01-Aug-2025 13:58:14 UTC] Automatic updates complete.
[04-Aug-2025 04:31:20 UTC] Automatic updates starting...
[04-Aug-2025 04:31:20 UTC]   Automatic plugin updates starting...
[04-Aug-2025 04:31:20 UTC]   Automatic plugin updates complete.
[04-Aug-2025 04:31:20 UTC] Automatic updates complete.
[04-Aug-2025 05:16:14 UTC] PHP Warning:  plugins_api(): An unexpected error occurred. Something may be wrong with WordPress.org or this server&#8217;s configuration. If you continue to have problems, please try the <a href="https://wordpress.org/support/forums/">support forums</a>. (WordPress could not establish a secure connection to WordPress.org. Please contact your server administrator.) in /var/www/html/cleanpress/wp-includes/functions.php on line 6121
[04-Aug-2025 05:16:25 UTC] PHP Warning:  wp_version_check(): An unexpected error occurred. Something may be wrong with WordPress.org or this server&#8217;s configuration. If you continue to have problems, please try the <a href="https://wordpress.org/support/forums/">support forums</a>. (WordPress could not establish a secure connection to WordPress.org. Please contact your server administrator.) in /var/www/html/cleanpress/wp-includes/functions.php on line 6121
[04-Aug-2025 05:16:32 UTC] PHP Warning:  wp_update_themes(): An unexpected error occurred. Something may be wrong with WordPress.org or this server&#8217;s configuration. If you continue to have problems, please try the <a href="https://wordpress.org/support/forums/">support forums</a>. (WordPress could not establish a secure connection to WordPress.org. Please contact your server administrator.) in /var/www/html/cleanpress/wp-includes/functions.php on line 6121
[04-Aug-2025 05:17:39 UTC] PHP Notice:  is invalid XML, likely due to invalid characters. XML error: Not well-formed (invalid token) at line 1, column 1 in /var/www/html/cleanpress/wp-includes/SimplePie/src/SimplePie.php on line 1698
[04-Aug-2025 05:17:39 UTC] PHP Warning:  foreach() argument must be of type array|object, null given in /var/www/html/cleanpress/wp-content/plugins/blogger-importer/blogger-importer.php on line 238
[04-Aug-2025 05:17:48 UTC] PHP Notice:  is invalid XML, likely due to invalid characters. XML error: Not well-formed (invalid token) at line 1, column 1 in /var/www/html/cleanpress/wp-includes/SimplePie/src/SimplePie.php on line 1698
[04-Aug-2025 05:17:48 UTC] PHP Warning:  Trying to access array offset on value of type null in /var/www/html/cleanpress/wp-content/plugins/blogger-importer/blogger-importer.php on line 159
[04-Aug-2025 05:17:48 UTC] PHP Deprecated:  parse_url(): Passing null to parameter #1 ($url) of type string is deprecated in /var/www/html/cleanpress/wp-content/plugins/blogger-importer/blogger-importer.php on line 159
[04-Aug-2025 05:17:48 UTC] PHP Deprecated:  substr(): Passing null to parameter #1 ($string) of type string is deprecated in /var/www/html/cleanpress/wp-content/plugins/blogger-importer/blogger-importer.php on line 771
[04-Aug-2025 05:17:48 UTC] PHP Deprecated:  str_replace(): Passing null to parameter #3 ($subject) of type array|string is deprecated in /var/www/html/cleanpress/wp-content/plugins/blogger-importer/blogger-importer.php on line 775
[05-Aug-2025 05:29:20 UTC] Automatic updates starting...
[05-Aug-2025 05:29:21 UTC]   Automatic plugin updates starting...
[05-Aug-2025 05:29:21 UTC]   Automatic plugin updates complete.
[05-Aug-2025 05:29:22 UTC] Automatic updates complete.
